PLINK v1.90b6.21 64-bit (19 Oct 2020)
Options in effect:
  --allow-extra-chr
  --file /home/eludwig/brachypodium/gbs_data/stackspopulations/populations.plink
  --out /home/eludwig/brachypodium/gbs_data/plinkpca/brachypca
  --pca

Hostname: pallas.datasci.danforthcenter.org
Working directory: /shares/mgehan_share/eludwig/brachypodium/gbs_data
Start time: Wed Oct 13 11:02:18 2021

Random number seed: 1634140938
483424 MB RAM detected; reserving 241712 MB for main workspace.
Scanning .ped file... done.
Performing single-pass .bed write (2977 variants, 145 people).
--file: /home/eludwig/brachypodium/gbs_data/plinkpca/brachypca-temporary.bed +
/home/eludwig/brachypodium/gbs_data/plinkpca/brachypca-temporary.bim +
/home/eludwig/brachypodium/gbs_data/plinkpca/brachypca-temporary.fam written.
2977 variants loaded from .bim file.
145 people (0 males, 0 females, 145 ambiguous) loaded from .fam.
Ambiguous sex IDs written to
/home/eludwig/brachypodium/gbs_data/plinkpca/brachypca.nosex .
Using up to 111 threads (change this with --threads).
Before main variant filters, 145 founders and 0 nonfounders present.
Calculating allele frequencies... done.
Total genotyping rate is 0.935501.
2977 variants and 145 people pass filters and QC.
Note: No phenotypes present.
Relationship matrix calculation complete.
--pca: Results saved to
/home/eludwig/brachypodium/gbs_data/plinkpca/brachypca.eigenval and
/home/eludwig/brachypodium/gbs_data/plinkpca/brachypca.eigenvec .

End time: Wed Oct 13 11:02:19 2021
